<?xml version="1.0" encoding="UTF-8"?>
<!-- Generated by org.testng.reporters.JUnitReportReporter -->
<testsuite hostname="LAPTOP-5PVFR6I4" failures="0" tests="1" name="com.crm.PRACTICE.WebTablePracticetest" time="54.659" errors="0" timestamp="2022-03-08T18:38:37 IST" skipped="0">
  <testcase classname="com.crm.PRACTICE.WebTablePracticetest" name="webTablePracticetest" time="54.659"/>
  <system-out/>
</testsuite> <!-- com.crm.PRACTICE.WebTablePracticetest -->
