<?xml version="1.0" encoding="UTF-8"?>
<!-- Generated by org.testng.reporters.JUnitReportReporter -->
<testsuite hostname="LAPTOP-5PVFR6I4" failures="0" tests="1" name="com.crm.ContactsTests.CreateContactWithMandatoryTest" time="98.019" errors="0" timestamp="2022-03-01T10:07:45 IST" skipped="0">
  <testcase classname="com.crm.ContactsTests.CreateContactWithMandatoryTest" name="createContactWithMandatoryTest" time="98.019"/>
  <system-out>
    <![CDATA[login successful
click on contact
click on crerate contact lookup image
create contact 
Validation successful ]]>
  </system-out>
</testsuite> <!-- com.crm.ContactsTests.CreateContactWithMandatoryTest -->
