<?xml version="1.0" encoding="UTF-8"?>
<!-- Generated by org.testng.reporters.JUnitReportReporter -->
<testsuite hostname="LAPTOP-5PVFR6I4" failures="0" tests="1" name="com.crm.OpportunityTests.CreateOpportunityWithMappingAndErasingExistingContactTest" time="79.631" errors="0" timestamp="2022-02-21T07:35:30 IST" skipped="0">
  <testcase classname="com.crm.OpportunityTests.CreateOpportunityWithMappingAndErasingExistingContactTest" name="createOpportunityWithMappingAndErasingExistingContactTest" time="79.631"/>
  <system-out/>
</testsuite> <!-- com.crm.OpportunityTests.CreateOpportunityWithMappingAndErasingExistingContactTest -->
