<?xml version="1.0" encoding="UTF-8"?>
<!-- Generated by org.testng.reporters.JUnitReportReporter -->
<testsuite hostname="LAPTOP-5PVFR6I4" failures="0" tests="6" name="com.crm.OrganizationTests.CreateOrganWithIndTypeAndTypeTest" time="251.923" errors="0" timestamp="2022-03-02T13:07:01 IST" skipped="0">
  <testcase classname="com.crm.OrganizationTests.CreateOrganWithIndTypeAndTypeTest" name="createOrganWithIndTypeAndTypeTest" time="39.454"/>
  <system-out>
    <![CDATA[login successful
navigated to org link
click on create org link
create org with insustry type
verification successful]]>
  </system-out>
  <testcase classname="com.crm.OrganizationTests.CreateOrganWithIndTypeAndTypeTest" name="createOrganWithIndTypeAndTypeTest" time="20.578"/>
  <system-out>
    <![CDATA[login successful
navigated to org link
click on create org link
create org with insustry type
verification successful]]>
  </system-out>
  <testcase classname="com.crm.OrganizationTests.CreateOrganWithIndTypeAndTypeTest" name="createOrganWithIndTypeAndTypeTest" time="25.745"/>
  <system-out>
    <![CDATA[login successful
navigated to org link
click on create org link
create org with insustry type
verification successful]]>
  </system-out>
  <testcase classname="com.crm.OrganizationTests.CreateOrganWithIndTypeAndTypeTest" name="createOrganWithIndTypeAndTypeTest" time="73.909"/>
  <system-out>
    <![CDATA[login successful
navigated to org link
click on create org link
create org with insustry type
verification successful]]>
  </system-out>
  <testcase classname="com.crm.OrganizationTests.CreateOrganWithIndTypeAndTypeTest" name="createOrganWithIndTypeAndTypeTest" time="42.596"/>
  <system-out>
    <![CDATA[login successful
navigated to org link
click on create org link
create org with insustry type
verification successful]]>
  </system-out>
  <testcase classname="com.crm.OrganizationTests.CreateOrganWithIndTypeAndTypeTest" name="createOrganWithIndTypeAndTypeTest" time="49.641"/>
  <system-out>
    <![CDATA[login successful
navigated to org link
click on create org link
create org with insustry type
verification successful]]>
  </system-out>
</testsuite> <!-- com.crm.OrganizationTests.CreateOrganWithIndTypeAndTypeTest -->
