<?xml version="1.0" encoding="UTF-8"?>
<!-- Generated by org.testng.reporters.JUnitReportReporter -->
<testsuite hostname="LAPTOP-5PVFR6I4" failures="0" tests="1" name="com.crm.OpportunityTests.CreateOpprotunityWithCampaignTest" time="81.494" errors="0" timestamp="2022-02-23T14:36:18 IST" skipped="0">
  <testcase classname="com.crm.OpportunityTests.CreateOpprotunityWithCampaignTest" name="createOpprotunityWithCampaignTest" time="81.494"/>
  <system-out/>
</testsuite> <!-- com.crm.OpportunityTests.CreateOpprotunityWithCampaignTest -->
