<?xml version="1.0" encoding="UTF-8"?>
<!-- Generated by org.testng.reporters.JUnitReportReporter -->
<testsuite hostname="LAPTOP-5PVFR6I4" failures="0" tests="1" name="com.crm.OrganizationTests.CreateOrgWithIndType" time="73.036" errors="0" timestamp="2022-03-02T14:44:35 IST" skipped="0">
  <testcase classname="com.crm.OrganizationTests.CreateOrgWithIndType" name="sampletest" time="73.036"/>
  <system-out/>
</testsuite> <!-- com.crm.OrganizationTests.CreateOrgWithIndType -->
