<?xml version="1.0" encoding="UTF-8"?>
<!-- Generated by org.testng.reporters.JUnitReportReporter -->
<testsuite hostname="LAPTOP-5PVFR6I4" failures="0" tests="1" name="com.crm.PRACTICE.WebTableLastCheckBoxtest" time="38.055" errors="0" timestamp="2022-03-08T18:56:35 IST" skipped="0">
  <testcase classname="com.crm.PRACTICE.WebTableLastCheckBoxtest" name="webTableLastCheckBoxtest" time="38.055"/>
  <system-out/>
</testsuite> <!-- com.crm.PRACTICE.WebTableLastCheckBoxtest -->
