<?xml version="1.0" encoding="UTF-8"?>
<!-- Generated by org.testng.reporters.JUnitReportReporter -->
<testsuite hostname="LAPTOP-5PVFR6I4" failures="0" tests="4" name="com.crm.PRACTICE.DataProvidePtactice" time="0.011" errors="0" timestamp="2022-02-28T15:48:10 IST" skipped="0">
  <testcase classname="com.crm.PRACTICE.DataProvidePtactice" name="readData" time="0.007"/>
  <system-out/>
  <testcase classname="com.crm.PRACTICE.DataProvidePtactice" name="readData" time="0.002"/>
  <system-out/>
  <testcase classname="com.crm.PRACTICE.DataProvidePtactice" name="readData" time="0.001"/>
  <system-out/>
  <testcase classname="com.crm.PRACTICE.DataProvidePtactice" name="readData" time="0.001"/>
  <system-out/>
</testsuite> <!-- com.crm.PRACTICE.DataProvidePtactice -->
