<?xml version="1.0" encoding="UTF-8"?>
<!-- Generated by org.testng.reporters.JUnitReportReporter -->
<testsuite hostname="LAPTOP-5PVFR6I4" failures="0" tests="1" name="com.crm.PRACTICE.DataVerificationInDb" time="1.280" errors="0" timestamp="2022-02-16T14:56:34 IST" skipped="0">
  <testcase classname="com.crm.PRACTICE.DataVerificationInDb" name="dataVerificationIndb" time="1.280"/>
  <system-out/>
</testsuite> <!-- com.crm.PRACTICE.DataVerificationInDb -->
