<?xml version="1.0" encoding="UTF-8"?>
<!-- Generated by org.testng.reporters.JUnitReportReporter -->
<testsuite hostname="LAPTOP-5PVFR6I4" failures="0" tests="1" name="com.crm.PRACTICE.MakeMyTripWithSystemDateTest" time="34.505" errors="0" timestamp="2022-03-10T09:55:49 IST" skipped="0">
  <testcase classname="com.crm.PRACTICE.MakeMyTripWithSystemDateTest" name="makeMyTripWithSystemDateTest" time="34.505"/>
  <system-out/>
</testsuite> <!-- com.crm.PRACTICE.MakeMyTripWithSystemDateTest -->
