<?xml version="1.0" encoding="UTF-8"?>
<!-- Generated by org.testng.reporters.JUnitReportReporter -->
<testsuite hostname="LAPTOP-5PVFR6I4" failures="0" tests="1" name="com.crm.PRACTICE.GoibiboCalanderTest" time="69.219" errors="0" timestamp="2022-03-10T09:54:30 IST" skipped="0">
  <testcase classname="com.crm.PRACTICE.GoibiboCalanderTest" name="goibiboCalanderTest" time="69.219"/>
  <system-out/>
</testsuite> <!-- com.crm.PRACTICE.GoibiboCalanderTest -->
