<?xml version="1.0" encoding="UTF-8"?>
<!-- Generated by org.testng.reporters.JUnitReportReporter -->
<testsuite hostname="LAPTOP-5PVFR6I4" failures="0" tests="1" name="com.crm.PRACTICE.PracticeExceAndWebdriverUtil" time="1.014" errors="0" timestamp="2022-02-21T17:00:15 IST" skipped="0">
  <testcase classname="com.crm.PRACTICE.PracticeExceAndWebdriverUtil" name="practiceExceAndWebdriverUtil" time="1.014"/>
  <system-out/>
</testsuite> <!-- com.crm.PRACTICE.PracticeExceAndWebdriverUtil -->
