<?xml version="1.0" encoding="UTF-8"?>
<!-- Generated by org.testng.reporters.JUnitReportReporter -->
<testsuite hostname="LAPTOP-5PVFR6I4" failures="0" tests="1" name="com.crm.CampaignTests.CreateCampaignWithProduct" time="88.067" errors="0" timestamp="2022-02-18T15:26:55 IST" skipped="0">
  <testcase classname="com.crm.CampaignTests.CreateCampaignWithProduct" name="createCampaignWithProd" time="88.067"/>
  <system-out/>
</testsuite> <!-- com.crm.CampaignTests.CreateCampaignWithProduct -->
