<?xml version="1.0" encoding="UTF-8"?>
<!-- Generated by org.testng.reporters.JUnitReportReporter -->
<testsuite hostname="LAPTOP-5PVFR6I4" failures="0" tests="1" name="com.crm.PRACTICE.WebTablefivContctTest" time="29.786" errors="0" timestamp="2022-03-09T10:41:03 IST" skipped="0">
  <testcase classname="com.crm.PRACTICE.WebTablefivContctTest" name="webTablefivContctTest" time="29.786"/>
  <system-out/>
</testsuite> <!-- com.crm.PRACTICE.WebTablefivContctTest -->
