<?xml version="1.0" encoding="UTF-8"?>
<!-- Generated by org.testng.reporters.JUnitReportReporter -->
<testsuite hostname="LAPTOP-5PVFR6I4" failures="0" tests="1" name="com.crm.PRACTICE.POMpractice" time="56.045" errors="0" timestamp="2022-02-23T16:30:22 IST" skipped="0">
  <testcase classname="com.crm.PRACTICE.POMpractice" name="practice" time="56.045"/>
  <system-out/>
</testsuite> <!-- com.crm.PRACTICE.POMpractice -->
