<?xml version="1.0" encoding="UTF-8"?>
<!-- Generated by org.testng.reporters.JUnitReportReporter -->
<testsuite hostname="LAPTOP-5PVFR6I4" failures="0" tests="1" name="com.crm.PRACTICE.PracticeForGenericUtils" time="0.033" errors="0" timestamp="2022-02-21T13:39:06 IST" skipped="0">
  <testcase classname="com.crm.PRACTICE.PracticeForGenericUtils" name="practiceGenericUtils" time="0.033"/>
  <system-out/>
</testsuite> <!-- com.crm.PRACTICE.PracticeForGenericUtils -->
