<?xml version="1.0" encoding="UTF-8"?>
<!-- Generated by org.testng.reporters.JUnitReportReporter -->
<testsuite hostname="LAPTOP-5PVFR6I4" failures="0" tests="1" name="com.crm.PRACTICE.SampleJDBCExecuteQuery" time="0.285" errors="0" timestamp="2022-02-16T13:27:00 IST" skipped="0">
  <testcase classname="com.crm.PRACTICE.SampleJDBCExecuteQuery" name="sampleJDBCExecuteQuery" time="0.285"/>
  <system-out/>
</testsuite> <!-- com.crm.PRACTICE.SampleJDBCExecuteQuery -->
