<?xml version="1.0" encoding="UTF-8"?>
<!-- Generated by org.testng.reporters.JUnitReportReporter -->
<testsuite hostname="LAPTOP-5PVFR6I4" failures="0" tests="6" name="com.crm.PRACTICE.CreateOrgWithMultipleDataTest" time="240.209" errors="0" timestamp="2022-03-01T07:39:30 IST" skipped="0">
  <testcase classname="com.crm.PRACTICE.CreateOrgWithMultipleDataTest" name="createOrgWithMltipleData" time="26.061"/>
  <system-out>
    <![CDATA[login successful
navigated to org link
click on create org link
create org with insustry type
verification successful]]>
  </system-out>
  <testcase classname="com.crm.PRACTICE.CreateOrgWithMultipleDataTest" name="createOrgWithMltipleData" time="33.388"/>
  <system-out>
    <![CDATA[login successful
navigated to org link
click on create org link
create org with insustry type
verification successful]]>
  </system-out>
  <testcase classname="com.crm.PRACTICE.CreateOrgWithMultipleDataTest" name="createOrgWithMltipleData" time="22.113"/>
  <system-out>
    <![CDATA[login successful
navigated to org link
click on create org link
create org with insustry type
verification successful]]>
  </system-out>
  <testcase classname="com.crm.PRACTICE.CreateOrgWithMultipleDataTest" name="createOrgWithMltipleData" time="36.729"/>
  <system-out>
    <![CDATA[login successful
navigated to org link
click on create org link
create org with insustry type
verification successful]]>
  </system-out>
  <testcase classname="com.crm.PRACTICE.CreateOrgWithMultipleDataTest" name="createOrgWithMltipleData" time="54.629"/>
  <system-out>
    <![CDATA[login successful
navigated to org link
click on create org link
create org with insustry type
verification successful]]>
  </system-out>
  <testcase classname="com.crm.PRACTICE.CreateOrgWithMultipleDataTest" name="createOrgWithMltipleData" time="67.289"/>
  <system-out>
    <![CDATA[login successful
navigated to org link
click on create org link
create org with insustry type
verification successful]]>
  </system-out>
</testsuite> <!-- com.crm.PRACTICE.CreateOrgWithMultipleDataTest -->
