<?xml version="1.0" encoding="UTF-8"?>
<!-- Generated by org.testng.reporters.JUnitReportReporter -->
<testsuite hostname="LAPTOP-5PVFR6I4" failures="0" tests="1" name="com.crm.PRACTICE.PropertyFilePractice" time="0.014" errors="0" timestamp="2022-02-16T17:37:42 IST" skipped="0">
  <testcase classname="com.crm.PRACTICE.PropertyFilePractice" name="propertyFilePractice" time="0.014"/>
  <system-out/>
</testsuite> <!-- com.crm.PRACTICE.PropertyFilePractice -->
