<?xml version="1.0" encoding="UTF-8"?>
<!-- Generated by org.testng.reporters.JUnitReportReporter -->
<testsuite hostname="LAPTOP-5PVFR6I4" failures="0" tests="1" name="com.crm.PRACTICE.ReadDateFromExcelSheetTest" time="4.248" errors="0" timestamp="2022-02-17T16:19:58 IST" skipped="0">
  <testcase classname="com.crm.PRACTICE.ReadDateFromExcelSheetTest" name="readDateFromExcelSheetTest" time="4.248"/>
  <system-out/>
</testsuite> <!-- com.crm.PRACTICE.ReadDateFromExcelSheetTest -->
