<?xml version="1.0" encoding="UTF-8"?>
<!-- Generated by org.testng.reporters.JUnitReportReporter -->
<testsuite hostname="LAPTOP-5PVFR6I4" failures="0" tests="1" name="com.crm.OrganizationTests.CreateOrganizationWithPropertyFileTest" time="39.365" errors="0" timestamp="2022-02-17T10:55:27 IST" skipped="0">
  <testcase classname="com.crm.OrganizationTests.CreateOrganizationWithPropertyFileTest" name="createOrganizationTest" time="39.365"/>
  <system-out/>
</testsuite> <!-- com.crm.OrganizationTests.CreateOrganizationWithPropertyFileTest -->
