<?xml version="1.0" encoding="UTF-8"?>
<!-- Generated by org.testng.reporters.JUnitReportReporter -->
<testsuite hostname="LAPTOP-5PVFR6I4" failures="0" tests="1" name="com.crm.ContactsTests.CreateContactWithOrgazAndEmpAsLeadSrc" time="75.784" errors="0" timestamp="2022-02-24T15:53:04 IST" skipped="0">
  <testcase classname="com.crm.ContactsTests.CreateContactWithOrgazAndEmpAsLeadSrc" name="createContactWithOrgazAndEmpAsLeadSrc" time="75.784"/>
  <system-out/>
</testsuite> <!-- com.crm.ContactsTests.CreateContactWithOrgazAndEmpAsLeadSrc -->
