<?xml version="1.0" encoding="UTF-8"?>
<!-- Generated by org.testng.reporters.JUnitReportReporter -->
<testsuite hostname="LAPTOP-5PVFR6I4" failures="0" tests="1" name="com.crm.OpportunityTests.CreateOpportunityWithMappingOfExistingContactTest" time="100.255" errors="0" timestamp="2022-02-19T19:38:27 IST" skipped="0">
  <testcase classname="com.crm.OpportunityTests.CreateOpportunityWithMappingOfExistingContactTest" name="createreateOpportunityWithMappingOfExistingContactTest" time="100.255"/>
  <system-out/>
</testsuite> <!-- com.crm.OpportunityTests.CreateOpportunityWithMappingOfExistingContactTest -->
