<?xml version="1.0" encoding="UTF-8"?>
<!-- Generated by org.testng.reporters.JUnitReportReporter -->
<testsuite hostname="LAPTOP-5PVFR6I4" failures="0" tests="1" name="com.crm.PRACTICE.WriteDataIntoExcelSheetTest" time="2.851" errors="0" timestamp="2022-02-17T16:29:10 IST" skipped="0">
  <testcase classname="com.crm.PRACTICE.WriteDataIntoExcelSheetTest" name="writeDataIntoExcelSheetTest" time="2.851"/>
  <system-out/>
</testsuite> <!-- com.crm.PRACTICE.WriteDataIntoExcelSheetTest -->
