<?xml version="1.0" encoding="UTF-8"?>
<!-- Generated by org.testng.reporters.JUnitReportReporter -->
<testsuite hostname="LAPTOP-5PVFR6I4" failures="0" tests="6" name="com.crm.PRACTICE.DataProvider2Practice" time="0.019" errors="0" timestamp="2022-03-01T07:33:21 IST" skipped="0">
  <testcase classname="com.crm.PRACTICE.DataProvider2Practice" name="readData" time="0.012"/>
  <system-out/>
  <testcase classname="com.crm.PRACTICE.DataProvider2Practice" name="readData" time="0.002"/>
  <system-out/>
  <testcase classname="com.crm.PRACTICE.DataProvider2Practice" name="readData" time="0.001"/>
  <system-out/>
  <testcase classname="com.crm.PRACTICE.DataProvider2Practice" name="readData" time="0.001"/>
  <system-out/>
  <testcase classname="com.crm.PRACTICE.DataProvider2Practice" name="readData" time="0.002"/>
  <system-out/>
  <testcase classname="com.crm.PRACTICE.DataProvider2Practice" name="readData" time="0.001"/>
  <system-out/>
</testsuite> <!-- com.crm.PRACTICE.DataProvider2Practice -->
