<?xml version="1.0" encoding="UTF-8"?>
<!-- Generated by org.testng.reporters.JUnitReportReporter -->
<testsuite hostname="LAPTOP-5PVFR6I4" failures="0" tests="1" name="com.crm.OrganizationTests.CreateOrgWithIndHealthCareTest" time="44.223" errors="0" timestamp="2022-02-18T08:30:40 IST" skipped="0">
  <testcase classname="com.crm.OrganizationTests.CreateOrgWithIndHealthCareTest" name="createOrgWithIndHealthCareTest" time="44.223"/>
  <system-out/>
</testsuite> <!-- com.crm.OrganizationTests.CreateOrgWithIndHealthCareTest -->
