<?xml version="1.0" encoding="UTF-8"?>
<!-- Generated by org.testng.reporters.JUnitReportReporter -->
<testsuite hostname="LAPTOP-5PVFR6I4" failures="0" tests="1" name="com.crm.PRACTICE.MakeMyTripSelectDateTest" time="41.580" errors="0" timestamp="2022-03-09T15:01:42 IST" skipped="0">
  <testcase classname="com.crm.PRACTICE.MakeMyTripSelectDateTest" name="makeMyTripSelecRandomtDateTest" time="41.580"/>
  <system-out/>
</testsuite> <!-- com.crm.PRACTICE.MakeMyTripSelectDateTest -->
