<?xml version="1.0" encoding="UTF-8"?>
<!-- Generated by org.testng.reporters.JUnitReportReporter -->
<testsuite hostname="LAPTOP-5PVFR6I4" failures="0" tests="1" name="com.crm.OpportunityTests.CreateOpportunityUsingGenericUtility" time="79.432" errors="0" timestamp="2022-02-22T20:37:43 IST" skipped="0">
  <testcase classname="com.crm.OpportunityTests.CreateOpportunityUsingGenericUtility" name="createOpportunityUsingGenericUtility" time="79.432"/>
  <system-out/>
</testsuite> <!-- com.crm.OpportunityTests.CreateOpportunityUsingGenericUtility -->
