<?xml version="1.0" encoding="UTF-8"?>
<!-- Generated by org.testng.reporters.JUnitReportReporter -->
<testsuite hostname="LAPTOP-5PVFR6I4" failures="0" tests="1" name="com.crm.OrganizationTests.CreateOrganizationTest" time="47.837" errors="0" timestamp="2022-03-02T15:21:25 IST" skipped="0">
  <testcase classname="com.crm.OrganizationTests.CreateOrganizationTest" name="createOrganizationTest" time="47.837"/>
  <system-out>
    <![CDATA[=== Click On Organization Link ===
=== Click create On Organization Link ===
=== create organization  ===]]>
  </system-out>
</testsuite> <!-- com.crm.OrganizationTests.CreateOrganizationTest -->
