<?xml version="1.0" encoding="UTF-8"?>
<!-- Generated by org.testng.reporters.JUnitReportReporter -->
<testsuite hostname="LAPTOP-5PVFR6I4" failures="0" tests="6" name="com.crm.OrganizationTests.CreateOrganizationWithMultiplDataTest" time="138.340" errors="0" timestamp="2022-03-02T13:07:00 IST" skipped="0">
  <testcase classname="com.crm.OrganizationTests.CreateOrganizationWithMultiplDataTest" name="createOrgWithMltipleData" time="22.021"/>
  <system-out>
    <![CDATA[navigated to org link
click on create org link
create org with insustry type
verification successful]]>
  </system-out>
  <testcase classname="com.crm.OrganizationTests.CreateOrganizationWithMultiplDataTest" name="createOrgWithMltipleData" time="17.671"/>
  <system-out>
    <![CDATA[navigated to org link
click on create org link
create org with insustry type
verification successful]]>
  </system-out>
  <testcase classname="com.crm.OrganizationTests.CreateOrganizationWithMultiplDataTest" name="createOrgWithMltipleData" time="43.249"/>
  <system-out>
    <![CDATA[navigated to org link
click on create org link
create org with insustry type
verification successful]]>
  </system-out>
  <testcase classname="com.crm.OrganizationTests.CreateOrganizationWithMultiplDataTest" name="createOrgWithMltipleData" time="20.210"/>
  <system-out>
    <![CDATA[navigated to org link
click on create org link
create org with insustry type
verification successful]]>
  </system-out>
  <testcase classname="com.crm.OrganizationTests.CreateOrganizationWithMultiplDataTest" name="createOrgWithMltipleData" time="16.244"/>
  <system-out>
    <![CDATA[navigated to org link
click on create org link
create org with insustry type
verification successful]]>
  </system-out>
  <testcase classname="com.crm.OrganizationTests.CreateOrganizationWithMultiplDataTest" name="createOrgWithMltipleData" time="18.945"/>
  <system-out>
    <![CDATA[navigated to org link
click on create org link
create org with insustry type
verification successful]]>
  </system-out>
</testsuite> <!-- com.crm.OrganizationTests.CreateOrganizationWithMultiplDataTest -->
