<?xml version="1.0" encoding="UTF-8"?>
<!-- Generated by org.testng.reporters.JUnitReportReporter -->
<testsuite hostname="LAPTOP-5PVFR6I4" failures="0" tests="1" name="com.crm.OrganizationTests.CreateOrganizationWithIndTypeAndTypeTest" time="64.864" errors="0" timestamp="2022-03-02T13:07:00 IST" skipped="0">
  <testcase classname="com.crm.OrganizationTests.CreateOrganizationWithIndTypeAndTypeTest" name="createOrganizationWithIndTypeAndTypeTest" time="64.864"/>
  <system-out>
    <![CDATA[== Click On Org ==
== Click Create  Org ==
== Create new Org ==]]>
  </system-out>
</testsuite> <!-- com.crm.OrganizationTests.CreateOrganizationWithIndTypeAndTypeTest -->
